2024-01-20 13:31:06.284 [INF] App server is starting.
2024-01-20 13:31:10.618 [INF] Start installing Hangfire SQL objects...
2024-01-20 13:31:11.649 [INF] Hangfire SQL objects installed.
2024-01-20 13:31:12.453 [INF] Starting Hangfire Server using job storage: 'SQL Server: DESKTOP-J0D1M11\SQLEXPRESS@afc_hangfire'
2024-01-20 13:31:12.453 [INF] Using the following options for SQL Server job storage: Queue poll interval: 00:00:00.
2024-01-20 13:31:12.453 [INF] Using the following options for Hangfire Server:
    Worker count: 20
    Listening queues: 'default'
    Shutdown timeout: 00:00:15
    Schedule polling interval: 00:00:15
2024-01-20 13:31:12.469 [DBG] Execution loop BackgroundServerProcess:daa443fe has started in 7,5431 ms
2024-01-20 13:31:12.515 [VRB] Server desktop-j0d1m11:23032:82f19380 is announcing itself...
2024-01-20 13:31:12.731 [INF] Server desktop-j0d1m11:23032:82f19380 successfully announced in 215,5493 ms
2024-01-20 13:31:12.735 [INF] Server desktop-j0d1m11:23032:82f19380 is starting the registered dispatchers: ServerWatchdog, ServerJobCancellationWatcher, ExpirationManager, CountersAggregator, SqlServerHeartbeatProcess, Worker, DelayedJobScheduler, RecurringJobScheduler...
2024-01-20 13:31:12.737 [DBG] Execution loop ServerHeartbeatProcess:b2a81642 has started in 5,7353 ms
2024-01-20 13:31:12.741 [DBG] Execution loop ServerWatchdog:368d8b13 has started in 6,1824 ms
2024-01-20 13:31:12.744 [DBG] Execution loop ServerJobCancellationWatcher:a2a8d4bf has started in 6,8712 ms
2024-01-20 13:31:12.747 [VRB] Checking for aborted jobs...
2024-01-20 13:31:12.750 [DBG] Execution loop ExpirationManager:d1d5bf29 has started in 7,3171 ms
2024-01-20 13:31:12.752 [DBG] Execution loop CountersAggregator:4617dc5d has started in 7,4409 ms
2024-01-20 13:31:12.752 [VRB] No newly aborted jobs found.
2024-01-20 13:31:12.753 [VRB] Server desktop-j0d1m11:23032:82f19380 waiting for 00:00:30 delay before sending a heartbeat
2024-01-20 13:31:12.753 [DBG] Aggregating records in 'Counter' table...
2024-01-20 13:31:12.755 [DBG] Removing outdated records from the 'AggregatedCounter' table...
2024-01-20 13:31:12.759 [DBG] Execution loop SqlServerHeartbeatProcess:4832c76b has started in 9,3428 ms
2024-01-20 13:31:12.765 [INF] 1 servers were removed due to timeout
2024-01-20 13:31:12.770 [DBG] Execution loop Worker:20e049fd has started in 17,3329 ms
2024-01-20 13:31:12.774 [DBG] Execution loop Worker:94379801 has started in 21,4615 ms
2024-01-20 13:31:12.779 [DBG] Execution loop Worker:65a9a150 has started in 26,1901 ms
2024-01-20 13:31:12.784 [DBG] Execution loop Worker:56d4e050 has started in 30,9978 ms
2024-01-20 13:31:12.788 [VRB] Records from the 'Counter' table aggregated.
2024-01-20 13:31:12.788 [DBG] Execution loop Worker:bafb0feb has started in 35,3563 ms
2024-01-20 13:31:12.793 [DBG] Execution loop Worker:c1a086ab has started in 39,8285 ms
2024-01-20 13:31:12.798 [DBG] Execution loop Worker:2953f804 has started in 44,0406 ms
2024-01-20 13:31:12.801 [DBG] Execution loop Worker:5f5c0d85 has started in 48,5004 ms
2024-01-20 13:31:12.806 [DBG] Execution loop Worker:04b9a6b5 has started in 52,9053 ms
2024-01-20 13:31:12.810 [DBG] Execution loop Worker:3e64cbdb has started in 56,9151 ms
2024-01-20 13:31:12.814 [DBG] Execution loop Worker:510ba809 has started in 60,7435 ms
2024-01-20 13:31:12.819 [DBG] Execution loop Worker:02bc75c6 has started in 66,446 ms
2024-01-20 13:31:12.828 [DBG] Execution loop Worker:68f95f4c has started in 74,7536 ms
2024-01-20 13:31:12.833 [DBG] Execution loop Worker:b32a8de3 has started in 79,6266 ms
2024-01-20 13:31:12.839 [DBG] Execution loop Worker:8de9f3f7 has started in 85,5475 ms
2024-01-20 13:31:12.842 [DBG] Execution loop Worker:d1342b65 has started in 88,6578 ms
2024-01-20 13:31:12.846 [DBG] Execution loop Worker:f900a905 has started in 92,8384 ms
2024-01-20 13:31:12.852 [DBG] Execution loop Worker:9a5d6fb2 has started in 98,4024 ms
2024-01-20 13:31:12.856 [DBG] Execution loop Worker:17db6c9f has started in 103,337 ms
2024-01-20 13:31:12.862 [DBG] Execution loop Worker:d8817d6d has started in 109,0722 ms
2024-01-20 13:31:12.867 [VRB] Outdated records removed from the 'AggregatedCounter' table.
2024-01-20 13:31:12.867 [INF] Server desktop-j0d1m11:23032:82f19380 all the dispatchers started
2024-01-20 13:31:12.867 [DBG] Removing outdated records from the 'Job' table...
2024-01-20 13:31:12.867 [DBG] Execution loop DelayedJobScheduler:7f6f087e has started in 11,0581 ms
2024-01-20 13:31:12.872 [DBG] Execution loop RecurringJobScheduler:32ba5e2c has started in 9,653 ms
2024-01-20 13:31:12.901 [VRB] Outdated records removed from the 'Job' table.
2024-01-20 13:31:12.901 [DBG] Removing outdated records from the 'List' table...
2024-01-20 13:31:12.910 [VRB] Outdated records removed from the 'List' table.
2024-01-20 13:31:12.910 [DBG] Removing outdated records from the 'Set' table...
2024-01-20 13:31:12.913 [VRB] Outdated records removed from the 'Set' table.
2024-01-20 13:31:12.913 [DBG] Removing outdated records from the 'Hash' table...
2024-01-20 13:31:12.917 [VRB] Outdated records removed from the 'Hash' table.
2024-01-20 13:31:17.773 [VRB] Checking for aborted jobs...
2024-01-20 13:31:17.773 [VRB] No newly aborted jobs found.
2024-01-20 13:31:22.776 [VRB] Checking for aborted jobs...
2024-01-20 13:31:22.777 [VRB] No newly aborted jobs found.
2024-01-20 13:31:27.782 [VRB] Checking for aborted jobs...
2024-01-20 13:31:27.783 [VRB] No newly aborted jobs found.
2024-01-20 13:31:32.797 [VRB] Checking for aborted jobs...
2024-01-20 13:31:32.797 [VRB] No newly aborted jobs found.
2024-01-20 13:31:37.800 [VRB] Checking for aborted jobs...
2024-01-20 13:31:37.801 [VRB] No newly aborted jobs found.
2024-01-20 13:31:42.768 [DBG] Server desktop-j0d1m11:23032:82f19380 heartbeat successfully sent
2024-01-20 13:31:42.768 [VRB] Server desktop-j0d1m11:23032:82f19380 waiting for 00:00:30 delay before sending a heartbeat
2024-01-20 13:31:42.811 [VRB] Checking for aborted jobs...
2024-01-20 13:31:42.811 [VRB] No newly aborted jobs found.
2024-01-20 13:31:47.811 [VRB] Checking for aborted jobs...
2024-01-20 13:31:47.812 [VRB] No newly aborted jobs found.
2024-01-20 13:31:52.819 [VRB] Checking for aborted jobs...
2024-01-20 13:31:52.820 [VRB] No newly aborted jobs found.
2024-01-20 13:31:57.835 [VRB] Checking for aborted jobs...
2024-01-20 13:31:57.835 [VRB] No newly aborted jobs found.
2024-01-20 13:32:02.838 [VRB] Checking for aborted jobs...
2024-01-20 13:32:02.838 [VRB] No newly aborted jobs found.
2024-01-20 13:32:07.841 [VRB] Checking for aborted jobs...
2024-01-20 13:32:07.842 [VRB] No newly aborted jobs found.
2024-01-20 13:32:12.772 [DBG] Server desktop-j0d1m11:23032:82f19380 heartbeat successfully sent
2024-01-20 13:32:12.772 [VRB] Server desktop-j0d1m11:23032:82f19380 waiting for 00:00:30 delay before sending a heartbeat
2024-01-20 13:32:12.848 [VRB] Checking for aborted jobs...
2024-01-20 13:32:12.848 [VRB] No newly aborted jobs found.
2024-01-20 13:32:17.849 [VRB] Checking for aborted jobs...
2024-01-20 13:32:17.850 [VRB] No newly aborted jobs found.
2024-01-20 13:32:22.856 [VRB] Checking for aborted jobs...
2024-01-20 13:32:22.857 [VRB] No newly aborted jobs found.
2024-01-20 13:32:27.872 [VRB] Checking for aborted jobs...
2024-01-20 13:32:27.872 [VRB] No newly aborted jobs found.
2024-01-20 13:32:32.889 [VRB] Checking for aborted jobs...
2024-01-20 13:32:32.889 [VRB] No newly aborted jobs found.
2024-01-20 13:32:38.629 [VRB] Checking for aborted jobs...
2024-01-20 13:32:38.630 [VRB] No newly aborted jobs found.
2024-01-20 13:32:44.751 [VRB] Checking for aborted jobs...
2024-01-20 13:32:44.751 [VRB] No newly aborted jobs found.
2024-01-20 13:32:44.769 [DBG] Server desktop-j0d1m11:23032:82f19380 heartbeat successfully sent
2024-01-20 13:32:44.769 [VRB] Server desktop-j0d1m11:23032:82f19380 waiting for 00:00:30 delay before sending a heartbeat
2024-01-20 13:32:49.830 [VRB] Checking for aborted jobs...
2024-01-20 13:32:49.830 [VRB] No newly aborted jobs found.
2024-01-20 13:32:54.845 [VRB] Checking for aborted jobs...
2024-01-20 13:32:54.845 [VRB] No newly aborted jobs found.
2024-01-20 13:32:59.851 [VRB] Checking for aborted jobs...
2024-01-20 13:32:59.851 [VRB] No newly aborted jobs found.
2024-01-20 13:33:04.860 [VRB] Checking for aborted jobs...
2024-01-20 13:33:04.860 [VRB] No newly aborted jobs found.
2024-01-20 13:33:09.873 [VRB] Checking for aborted jobs...
2024-01-20 13:33:09.874 [VRB] No newly aborted jobs found.
