2024-01-18 11:19:30.649 [INF] App server is starting.
2024-01-18 11:23:57.459 [INF] App server is starting.
2024-01-18 11:25:04.947 [INF] App server is starting.
2024-01-18 11:29:33.778 [INF] App server is starting.
2024-01-18 11:36:02.183 [INF] App server is starting.
2024-01-18 12:01:45.346 [INF] App server is starting.
2024-01-18 12:02:52.915 [ERR] UnexpectedError
System.InvalidOperationException: No service for type 'MediatR.IRequestHandler`2[AFC.Business.Cqrs.CreateTokenCommand,AFC.Base.Response.ApiResponse`1[AFC.Schema.TokenResponse]]' has been registered.
   at Microsoft.Extensions.DependencyInjection.ServiceProviderServiceExtensions.GetRequiredService(IServiceProvider provider, Type serviceType)
   at Microsoft.Extensions.DependencyInjection.ServiceProviderServiceExtensions.GetRequiredService[T](IServiceProvider provider)
   at MediatR.Wrappers.RequestHandlerWrapperImpl`2.<>c__DisplayClass1_0.<Handle>g__Handler|0()
   at MediatR.Wrappers.RequestHandlerWrapperImpl`2.Handle(IRequest`1 request, IServiceProvider serviceProvider, CancellationToken cancellationToken)
   at MediatR.Mediator.Send[TResponse](IRequest`1 request, CancellationToken cancellationToken)
   at AFC.Api.Controllers.TokenController.Post(TokenRequest request) in C:\Project\AkbankBootcamp\FinalCase\AhmetErFinalCaseSln\AFC.Api\Controllers\TokenController.cs:line 24
   at lambda_method5(Closure, Object)
   at Microsoft.AspNetCore.Mvc.Infrastructure.ActionMethodExecutor.AwaitableObjectResultExecutor.Execute(ActionContext actionContext, IActionResultTypeMapper mapper, ObjectMethodExecutor executor, Object controller, Object[] arguments)
   at Microsoft.AspNetCore.Mvc.Infrastructure.ControllerActionInvoker.<InvokeActionMethodAsync>g__Awaited|12_0(ControllerActionInvoker invoker, ValueTask`1 actionResultValueTask)
   at Microsoft.AspNetCore.Mvc.Infrastructure.ControllerActionInvoker.<InvokeNextActionFilterAsync>g__Awaited|10_0(ControllerActionInvoker invoker, Task lastTask, State next, Scope scope, Object state, Boolean isCompleted)
   at Microsoft.AspNetCore.Mvc.Infrastructure.ControllerActionInvoker.Rethrow(ActionExecutedContextSealed context)
   at Microsoft.AspNetCore.Mvc.Infrastructure.ControllerActionInvoker.Next(State& next, Scope& scope, Object& state, Boolean& isCompleted)
   at Microsoft.AspNetCore.Mvc.Infrastructure.ControllerActionInvoker.InvokeInnerFilterAsync()
--- End of stack trace from previous location ---
   at Microsoft.AspNetCore.Mvc.Infrastructure.ResourceInvoker.<InvokeFilterPipelineAsync>g__Awaited|20_0(ResourceInvoker invoker, Task lastTask, State next, Scope scope, Object state, Boolean isCompleted)
   at Microsoft.AspNetCore.Mvc.Infrastructure.ResourceInvoker.<InvokeAsync>g__Awaited|17_0(ResourceInvoker invoker, Task task, IDisposable scope)
   at Microsoft.AspNetCore.Mvc.Infrastructure.ResourceInvoker.<InvokeAsync>g__Awaited|17_0(ResourceInvoker invoker, Task task, IDisposable scope)
   at Microsoft.AspNetCore.Authorization.AuthorizationMiddleware.Invoke(HttpContext context)
   at Microsoft.AspNetCore.Authentication.AuthenticationMiddleware.Invoke(HttpContext context)
   at AFC.Api.Middleware.ErrorHandlerMiddleware.Invoke(HttpContext context) in C:\Project\AkbankBootcamp\FinalCase\AhmetErFinalCaseSln\AFC.Api\Middleware\ErrorHandlerMiddleware.cs:line 21
2024-01-18 12:02:52.938 [FTL] Path=/api/Token || Method=POST || Exception=No service for type 'MediatR.IRequestHandler`2[AFC.Business.Cqrs.CreateTokenCommand,AFC.Base.Response.ApiResponse`1[AFC.Schema.TokenResponse]]' has been registered.
2024-01-18 12:09:48.560 [INF] App server is starting.
2024-01-18 12:12:33.732 [INF] App server is starting.
2024-01-18 12:39:16.722 [INF] App server is starting.
2024-01-18 12:39:18.396 [ERR] An unhandled exception has occurred while executing the request.
Swashbuckle.AspNetCore.SwaggerGen.SwaggerGeneratorException: Conflicting method/path combination "GET api/User" for actions - AFC.Api.Controllers.UserController.Get (AFC.Api),AFC.Api.Controllers.UserController.Get (AFC.Api). Actions require a unique method/path combination for Swagger/OpenAPI 3.0. Use ConflictingActionsResolver as a workaround
   at Swashbuckle.AspNetCore.SwaggerGen.SwaggerGenerator.GenerateOperations(IEnumerable`1 apiDescriptions, SchemaRepository schemaRepository)
   at Swashbuckle.AspNetCore.SwaggerGen.SwaggerGenerator.GeneratePaths(IEnumerable`1 apiDescriptions, SchemaRepository schemaRepository)
   at Swashbuckle.AspNetCore.SwaggerGen.SwaggerGenerator.GetSwaggerDocumentWithoutFilters(String documentName, String host, String basePath)
   at Swashbuckle.AspNetCore.SwaggerGen.SwaggerGenerator.GetSwaggerAsync(String documentName, String host, String basePath)
   at Swashbuckle.AspNetCore.Swagger.SwaggerMiddleware.Invoke(HttpContext httpContext, ISwaggerProvider swaggerProvider)
   at Microsoft.AspNetCore.Diagnostics.DeveloperExceptionPageMiddlewareImpl.Invoke(HttpContext context)
2024-01-18 12:39:42.113 [INF] App server is starting.
2024-01-18 14:35:44.748 [INF] App server is starting.
2024-01-18 14:41:50.752 [INF] App server is starting.
2024-01-18 14:51:57.490 [INF] App server is starting.
2024-01-18 14:58:30.352 [INF] App server is starting.
2024-01-18 15:00:44.457 [INF] App server is starting.
2024-01-18 15:01:03.901 [INF] App server is starting.
2024-01-18 15:02:13.653 [INF] App server is starting.
2024-01-18 15:02:20.346 [INF] App server is starting.
2024-01-18 15:03:46.685 [INF] App server is starting.
2024-01-18 15:16:45.609 [INF] App server is starting.
2024-01-18 16:25:13.503 [INF] App server is starting.
